<?xml version="1.0" encoding="UTF-8"?>
<testng-results ignored="0" total="1" passed="1" failed="0" skipped="0">
  <reporter-output>
    <line>
      <![CDATA[test start]]>
    </line>
    <line>
      <![CDATA[Appointment Info Saved Successfuly]]>
    </line>
  </reporter-output>
  <suite started-at="2025-09-25T08:46:05 IST" name="Default suite" finished-at="2025-09-25T08:46:47 IST" duration-ms="42310">
    <groups>
    </groups>
    <test started-at="2025-09-25T08:46:05 IST" name="Default test" finished-at="2025-09-25T08:46:47 IST" duration-ms="42310">
      <class name="com.hms.testscript.TestCaseHms">
        <test-method is-config="true" signature="OpenBrowser()[pri:0, instance:com.hms.testscript.TestCaseHms@1e800aaa]" started-at="2025-09-25T08:46:05 IST" name="OpenBrowser" finished-at="2025-09-25T08:46:07 IST" duration-ms="2626" status="PASS">
          <reporter-output>
          </reporter-output>
        </test-method> <!-- OpenBrowser -->
        <test-method is-config="true" signature="Login()[pri:0, instance:com.hms.testscript.TestCaseHms@1e800aaa]" started-at="2025-09-25T08:46:07 IST" name="Login" finished-at="2025-09-25T08:46:08 IST" duration-ms="473" status="PASS">
          <reporter-output>
          </reporter-output>
        </test-method> <!-- Login -->
        <test-method signature="createProject()[pri:0, instance:com.hms.testscript.TestCaseHms@1e800aaa]" started-at="2025-09-25T08:46:08 IST" name="createProject" finished-at="2025-09-25T08:46:46 IST" duration-ms="38413" status="PASS">
          <reporter-output>
            <line>
              <![CDATA[test start]]>
            </line>
            <line>
              <![CDATA[Appointment Info Saved Successfuly]]>
            </line>
          </reporter-output>
        </test-method> <!-- createProject -->
        <test-method is-config="true" signature="Logout()[pri:0, instance:com.hms.testscript.TestCaseHms@1e800aaa]" started-at="2025-09-25T08:46:46 IST" name="Logout" finished-at="2025-09-25T08:46:47 IST" duration-ms="438" status="PASS">
          <reporter-output>
          </reporter-output>
        </test-method> <!-- Logout -->
        <test-method is-config="true" signature="close()[pri:0, instance:com.hms.testscript.TestCaseHms@1e800aaa]" started-at="2025-09-25T08:46:47 IST" name="close" finished-at="2025-09-25T08:46:47 IST" duration-ms="278" status="PASS">
          <reporter-output>
          </reporter-output>
        </test-method> <!-- close -->
      </class> <!-- com.hms.testscript.TestCaseHms -->
    </test> <!-- Default test -->
  </suite> <!-- Default suite -->
</testng-results>
